2 3 6 7 9 12 14 17 18 20 22 23 25 26 29 30 31 32 33 34 35 38 39 40 41 42 43 44 47 48 49 50 51 52 54 58 59 60 62 66 67 68 69 70 73 74 75 76 77 78 79 80 82 83 84 88 90 92 93 95 96 98
2 3
3 6
6 9
7 12
9 14
12 18
14 20
17 23
18 25
20 26
22 30
23 30
25 32
26 33
29 30
30 39
31 40
32 40
33 41
34 42
34 35
38 39
38 47
39 40
39 48
40 41
40 49
40 50
41 42
41 51
42 43
42 52
43 44
44 54
49 58
49 59
50 60
52 62
58 66
59 67
59 68
66 74
68 69
68 75
68 76
69 70
69 77
73 74
73 80
75 82
76 83
77 78
77 84
78 79
83 88
84 90
88 92
88 93
92 95
92 96
95 98