0 2 4 6 8 11 12 14 16 17 18 20 22 23 24 26 29 25 27 30 32 34 35 31 33 36 38 40 41 37 39 42 44 46 47 43 45 48 50 52 53 49 51 54 56 58 59 55 57 60 62 64 65 66 68 70 71 72 74 76 77 78 80 82 83 84 86 89 85 90 92 94
0 4
0 2
4 6
6 11
6 8
11 12
12 17
12 14
16 17
17 18
18 20
20 22
22 23
23 24
24 26
24 29
26 27
29 25
29 30
30 32
30 34
30 35
32 33
35 31
35 36
36 38
36 40
38 39
40 37
41 37
41 42
42 44
42 46
42 47
44 45
47 43
47 48
48 50
48 53
50 51
52 53
53 49
53 54
54 56
54 58
54 59
56 57
59 55
59 60
60 62
60 64
60 65
65 66
66 68
66 71
70 71
71 72
72 74
72 76
72 77
77 78
78 80
78 82
78 83
83 84
84 86
84 89
89 85
89 90
90 92
92 94