52 12 61 37 16 27 76 15 30 96 14 7 87 39 45 89 44 94 83 38 68 28 67 41 10 59 85 71 17 21 65 25 53 3 42 93 35 97 47 58 1 20 66 0 70 32 51 33 40 80 78 50 56 84 88 29 98 69 77 73 49
52 49
12 45
61 93
61 49
37 0
37 25
16 73
27 76
27 35
76 45
76 28
15 88
15 68
30 39
30 67
96 14
96 44
14 21
7 70
7 40
87 0
87 78
39 84
45 1
89 44
94 21
83 88
38 51
38 56
38 41
10 1
10 77
10 47
10 17
10 97
59 1
59 29
59 85
71 78
21 78
65 25
53 0
3 1
42 93
93 51
93 70
58 1
1 51
1 0
1 50
20 51
20 66
32 51
51 33
80 84
56 84
88 29
29 98
69 77
77 73