0 23 27 1 20 28 30 2 11 31 3 7 34 35 36 10 8 5 17 43 44 46 47 24 49 50 51 53 56 57 58 59 60 61 62 63 13 21 14 64 66 15 22 68 70 74 76 77 78 18 80 83 85 86 90 91 92 95 96 98 99
0 27
23 95
23 96
27 76
27 80
1 28
20 85
20 86
28 36
30 35
30 61
2 31
11 58
11 59
11 60
31 91
3 36
3 35
3 34
7 47
7 46
34 98
35 43
36 77
10 56
10 57
8 51
8 49
8 50
5 17
17 77
17 76
17 78
43 90
43 68
44 78
44 62
47 51
24 98
24 99
49 53
49 56
51 77
51 92
58 77
58 70
58 66
59 74
59 83
63 95
13 66
13 64
21 90
14 68
64 85
15 70
22 92
22 91
70 95
18 80