25 26 37 36 35 38 27 41 42 43 28 29 33 46 30 32 31 48 49 47 39 40 44 1 3 4 5 9 6 7 19 10 11 12 13 15 17 20 23 24 21 22 53 82 98 99 54 66 94 67 61 64 55 70 78 58 74 75 77 50 83 84 93 63
25 36
26 38
37 38
36 38
35 38
38 39
27 41
41 39
42 43
43 33
43 46
43 49
43 44
28 33
29 46
33 32
33 47
30 32
32 12
32 31
31 48
39 11
39 40
1 4
1 3
4 54
4 5
5 6
9 11
6 7
19 20
10 12
10 13
11 99
11 12
12 75
12 77
13 15
17 50
20 24
20 21
23 24
23 54
24 98
24 74
21 22
22 84
53 55
53 66
82 50
82 63
82 64
98 55
99 67
54 93
94 58
67 55
67 50
67 83
61 70
55 58
70 58
78 83