0 79 60 33 93 52 39 59 32 98 6 48 28 65 94 49 86 22 74 10 26 53 81 37 46 67 2 34 70 97 8 4 54 42 29 15 58 24 47 36 91 62 38 40 68 17 23 51 45 11 89 5 12 30 75 14 35 20
0 79
79 94
79 93
79 32
79 53
79 45
79 12
60 39
60 8
33 48
33 86
93 48
52 4
39 94
39 34
39 98
39 24
59 91
59 26
98 51
6 46
28 40
65 89
65 4
65 81
65 70
94 75
94 89
94 17
49 34
49 5
22 14
22 47
74 62
10 35
53 36
37 5
46 35
46 11
46 68
67 54
67 42
67 38
2 15
34 15
34 91
34 20
97 12
54 35
29 17
58 35
24 30
62 11
40 89
23 75
11 14
75 35