93 49 1 18 19 65 2 47 66 22 67 68 6 27 63 7 41 79 8 9 59 11 48 31 12 44 70 20 14 90 94 15 39 62 16 28 80 53 71 34 52 46 21 86 23 72 82 54 29 55 78 38 99 35 97 73 64 76 61
93 79
49 64
1 18
1 65
18 34
18 19
18 8
19 52
65 23
2 47
2 66
47 73
66 20
22 12
67 64
67 53
68 80
6 27
6 63
27 21
7 41
7 79
41 82
41 21
9 59
59 54
11 48
48 12
31 55
12 44
12 70
44 82
44 29
14 94
14 90
90 39
94 46
15 62
62 73
62 55
16 28
16 80
28 82
28 54
80 78
71 21
34 38
34 99
46 38
86 64
72 64
72 97
82 64
82 38
54 73
54 35
99 61
76 61