0 14 5 8 25 1 15 28 29 30 3 33 12 34 36 23 39 17 41 6 19 10 43 11 20 47 13 16 50 51 9 21 52 53 54 56 58 61 62 63 66 68 70 18 24 73 74 75 76 77 81 84 86 90 92 94 95 96 97 98
0 25
14 68
5 41
8 51
8 50
25 76
1 28
1 29
1 30
15 70
28 73
29 43
3 34
3 36
33 47
12 62
12 63
12 61
34 74
34 54
23 94
23 96
23 95
39 52
17 77
41 61
6 43
19 84
10 56
11 58
20 86
47 68
13 66
16 73
16 75
16 74
16 18
51 77
51 90
9 52
9 53
21 90
52 94
54 92
56 61
58 75
62 74
62 98
63 68
66 90
70 96
18 81
24 98
24 97
73 77
73 94
75 76
75 84
86 95