21 25 6 30 15 20 14 31 32 3 10 34 35 4 9 38 8 42 17 43 44 45 7 47 48 50 53 54 12 55 57 60 61 62 65 24 68 18 71 72 16 73 74 75 77 78 19 79 80 81 82 83 84 85 87 88 89 90 93 95 96 97 98 99
21 88
21 89
25 89
6 44
6 45
6 43
30 74
15 72
15 71
20 87
20 85
14 68
31 77
32 55
32 60
3 35
3 34
10 57
10 55
35 83
4 38
9 54
9 53
38 54
8 50
42 54
17 77
43 65
44 82
44 81
45 96
7 47
47 99
48 78
50 80
54 73
12 61
12 62
57 73
61 82
61 78
24 99
24 98
24 97
68 87
18 81
18 79
71 95
72 84
16 73
16 74
16 75
73 82
73 77
74 87
19 83
19 82
19 84
80 99
83 88
83 99
84 90
90 93