0 10 21 1 23 16 30 2 20 32 3 11 34 35 13 38 9 40 45 7 8 46 47 48 15 49 50 18 54 55 56 57 58 60 12 62 19 65 14 67 68 69 70 72 75 76 79 82 83 84 87 88 89 90 91 94 95 97 98
0 10
10 57
10 55
10 56
21 89
21 88
21 90
1 30
23 95
23 94
16 75
30 94
2 32
20 87
32 88
3 35
3 34
11 60
35 68
35 40
13 65
38 45
9 54
45 97
7 48
7 47
7 46
8 50
8 49
46 76
48 89
48 79
15 70
15 72
50 88
18 79
54 84
55 89
56 60
57 83
58 83
12 62
62 89
19 83
19 84
19 82
65 88
65 91
14 68
14 69
67 90
68 89
70 87
75 87
83 95
83 87
84 97
95 98