0 1 2 3 4 5 6 12 13 14 7 11 17 16 18 19 15 26 34 25 33 27 28 29 30 31 35 37 38 39 32 36 42 41 43 44 40 46 47 60 53 50 51 58 59 52 54 55 56 62 63 64 57 61 67 66 68 69 65 99 76 75 77 78 80 81 85 88 89 86 91 93
0 1
1 2
1 3
2 5
2 4
2 6
5 14
5 13
6 7
12 13
12 11
13 16
13 18
13 19
14 15
11 17
15 26
26 27
26 34
26 25
26 28
25 33
27 30
27 29
27 31
28 35
30 39
30 38
31 32
37 38
37 36
38 41
38 43
38 44
39 40
36 42
41 46
41 47
40 53
60 53
60 61
53 51
50 51
50 58
51 59
51 52
52 54
52 55
52 56
55 63
55 64
56 57
62 61
63 66
63 68
63 69
64 65
61 67
65 99
65 76
76 75
76 77
76 78
77 80
77 81
78 85
80 88
80 89
85 86
88 91
88 93