33 95 79 19 45 2 37 49 1 82 23 83 76 71 61 20 99 39 67 53 32 68 30 51 56 94 52 31 63 17 64 9 7 44 87 42 72 3 11 13 21 26 98 96 59 12 58 90 35 50 93 27 29 48 14 5 86 25 92 91 41
33 91
95 82
95 11
95 13
95 49
95 63
95 64
95 99
79 29
79 19
19 14
45 25
2 1
2 17
37 49
49 87
1 39
82 76
82 86
23 3
83 64
76 39
71 11
61 52
61 53
20 99
39 56
67 31
67 9
32 64
68 63
30 13
51 25
56 59
94 64
94 90
94 58
52 29
52 93
31 63
31 35
31 50
63 96
7 98
44 72
42 86
72 92
3 90
11 48
13 29
21 50
26 96
98 35
59 41
12 27
35 5
27 91
29 92
48 91
48 25