0 1 2 3 4 5 8 9 6 7 10 11 13 12 17 14 15 16 18 21 22 19 20 23 26 28 29 27 25 24 35 31 34 33 30 36 39 44 43 47 46 42 53 48 51 58 59 56 54 60 67 71 66 72 74 75 77 76 73 78 83 88 84 90 92 93 96
0 6
0 1
0 2
0 3
0 4
5 8
8 14
9 7
9 11
6 12
6 7
6 10
11 13
12 21
12 17
12 15
12 16
14 22
18 21
18 19
18 20
21 29
22 23
22 25
23 29
26 24
28 29
28 35
28 33
29 34
29 24
27 24
35 31
34 39
34 30
36 39
39 44
44 53
44 42
43 42
47 53
46 53
53 56
48 58
48 51
58 59
59 54
56 54
54 60
60 67
67 71
71 73
71 66
72 73
72 76
72 74
72 75
77 76
73 83
78 83
83 88
88 84
84 90
90 92
90 93
90 96