0 1 2 5 95 6 7 10 11 12 15 16 17 18 20 21 22 23 25 26 29 27 28 30 31 34 32 33 35 36 39 37 38 40 41 44 42 43 45 46 49 47 48 50 51 54 52 53 55 56 57 58 60 61 62 63 65 66 67 70 71 72 75 76 77 80 81 82 85 86 87 90 91 92 96 97
0 1
0 5
0 95
1 2
5 6
5 10
95 96
95 90
6 7
10 11
10 15
11 12
15 16
15 20
16 17
17 18
20 21
20 25
21 22
22 23
25 26
25 30
26 27
26 29
27 28
30 31
30 35
31 32
31 34
32 33
35 36
35 40
36 37
36 39
37 38
40 41
40 45
41 42
41 44
42 43
45 46
45 50
46 47
46 49
47 48
50 51
50 55
51 52
51 54
52 53
55 56
55 60
56 57
57 58
60 61
60 65
61 62
62 63
65 66
65 70
66 67
70 71
70 75
71 72
75 76
75 80
76 77
80 81
80 85
81 82
85 86
86 87
90 91
91 92
96 97