82 89 92 1 11 29 33 70 2 37 3 52 61 63 4 21 7 53 79 95 6 8 66 64 99 35 9 16 62 69 58 24 41 12 22 25 28 43 68 74 15 48 98 18 31 67 17 40 42 50 34 47 20 36 39 45 97 27 85 96 32 54 51 38 77 93 84 75
82 96
89 27
89 54
89 32
92 3
1 70
11 61
29 6
29 39
29 66
29 15
33 3
70 40
2 37
37 16
37 58
37 51
3 61
52 74
61 12
61 8
63 16
63 6
4 21
21 99
7 99
53 9
53 38
79 68
95 58
8 35
66 74
66 43
66 20
64 69
64 75
99 25
99 12
99 42
99 45
35 24
9 16
9 69
9 62
16 25
16 18
16 67
41 42
12 22
25 48
28 17
68 74
48 98
48 31
98 40
17 40
50 51
50 85
34 54
47 93
20 36
39 96
45 84
97 32
27 96
38 93
38 77