1 11 22 12 21 13 23 33 32 31 4 14 24 34 43 42 41 44 50 94 95 49 59 5 52 74 75 47 57 25 54 55 45 8 6 18 27 16 15 38 48 26 35 46 98 88 77 78 66 96 85 65 56 58 91 81 72 84 60 51 61 63 64 53
1 11
11 22
22 33
22 12
22 21
13 14
23 24
33 43
32 42
31 41
4 14
4 5
14 24
24 34
24 25
34 44
34 35
43 44
43 42
42 41
42 52
44 54
44 45
50 51
50 60
94 84
94 95
95 96
49 48
49 59
5 6
52 51
74 64
74 84
74 75
75 85
47 46
47 48
47 57
57 58
25 26
25 15
54 64
54 55
54 53
55 65
55 56
45 46
8 18
18 27
27 26
16 15
38 48
98 88
88 77
77 66
77 78
66 65
91 81
81 72
72 63
51 61
63 64