2 3 4 10 12 13 6 7 15 18 21 27 25 19 32 22 33 20 24 34 35 39 41 40 38 43 44 45 46 48 51 47 49 50 52 53 55 59 57 58 65 66 63 62 64 67 68 73 70 72 71 76 77 81 88 79 82 85 89 86 91 99 90 93 96 97
2 3
3 4
4 13
10 13
10 6
12 13
13 21
6 7
15 25
15 27
18 19
18 32
21 20
25 24
19 33
19 20
19 22
22 24
33 35
33 34
34 39
35 41
39 38
41 44
41 40
43 44
44 45
45 51
45 46
45 48
46 47
51 49
49 50
50 52
52 55
52 53
55 59
59 65
59 58
57 58
65 67
65 64
65 66
65 68
63 62
62 64
67 73
73 77
73 72
70 71
70 76
71 77
76 81
77 79
77 88
88 85
88 89
79 82
89 86
89 99
86 91
91 90
99 97
90 93
96 97