1 32 2 3 19 4 5 20 21 6 7 8 9 24 10 11 13 25 36 38 14 39 16 17 26 18 23 27 22 28 29 31 43 44 35 42 48 49 50 54 51 55 57 58 59 60 63 61 62 64 69 66 75 67 70 79 80 78 72 74 82 83 73 84 85 88 95 92
1 2
32 19
2 3
3 4
3 59
19 18
4 21
4 5
4 20
5 6
5 7
5 8
5 60
21 23
21 22
7 58
8 9
24 23
24 25
10 13
11 13
11 36
11 38
13 25
13 14
38 35
14 39
39 48
16 17
17 18
26 18
26 27
26 28
26 29
18 23
27 31
29 43
29 44
43 42
48 49
49 50
50 51
54 55
55 58
57 58
59 63
60 61
60 62
63 64
62 70
64 69
69 75
66 67
75 84
75 88
67 72
67 74
79 78
79 80
79 95
78 72
72 73
74 83
82 83
73 84
84 85
95 92