0 10 24 27 1 16 23 12 29 30 2 18 31 32 3 13 36 4 38 5 42 17 43 7 46 47 48 50 53 54 55 56 11 15 60 62 64 68 22 70 71 72 73 76 77 79 80 19 20 82 86 87 89 91 94 95 96 97 98
0 27
10 55
10 56
24 97
24 98
27 54
1 29
1 30
16 73
23 94
23 96
23 95
12 62
29 71
29 89
30 50
2 31
18 80
18 79
31 96
32 96
3 36
13 64
36 46
36 54
4 38
38 95
38 82
38 42
38 68
5 42
17 77
17 76
43 97
7 46
7 47
7 48
46 94
46 55
53 91
11 60
15 71
15 70
15 72
60 96
62 70
64 72
22 91
70 87
71 94
71 77
73 95
80 94
80 86
19 82
20 86
91 96
96 97