23 27 1 8 19 16 28 30 2 31 32 33 5 35 4 20 37 12 18 40 41 6 43 24 46 47 51 9 21 53 54 13 55 11 17 58 60 63 64 66 68 69 22 72 73 74 75 80 83 85 86 88 90 91 92 93 97 98 99
23 2
27 68
1 30
8 51
19 83
16 75
16 73
16 74
16 17
28 30
30 74
2 31
2 32
2 33
31 75
31 98
31 85
31 64
32 83
5 41
5 40
35 99
4 37
20 85
20 86
37 98
37 68
12 63
18 80
40 47
41 73
6 43
43 74
43 69
43 55
24 98
24 99
24 97
46 86
51 92
9 53
9 54
21 88
21 90
53 83
13 64
13 66
11 58
11 60
58 98
63 98
22 92
22 91
22 93
72 80
74 88
75 92
80 83