6 73 25 17 8 47 54 3 19 87 83 61 92 50 0 38 62 37 4 77 39 10 74 86 97 24 69 70 28 58 40 82 41 9 42 36 81 63 14 26 46 31 93 60 7 20 23 68 52 33 75 64 48 88 49 11 90 21 53 1
6 74
6 19
6 1
73 52
73 48
25 33
17 64
8 23
47 74
47 86
54 36
3 48
3 69
87 36
87 93
83 68
83 33
83 20
61 92
61 88
92 68
92 42
50 82
0 74
0 68
38 11
62 4
62 81
62 28
37 26
4 36
77 46
39 52
10 81
74 97
97 52
97 7
97 26
97 9
24 28
70 11
58 40
40 49
82 75
41 9
36 7
36 64
36 75
36 21
63 49
63 23
14 26
26 31
46 60
60 90
7 49
7 90
52 53
49 11