55 36 20 87 52 4 28 64 22 16 62 63 24 98 38 7 89 13 18 43 1 82 6 79 77 49 51 65 19 69 29 45 72 5 23 10 42 86 46 14 92 32 94 26 9 3 21 59 17 81 68 47 91 40 54 85 80 0 37 8 73
55 32
55 45
36 6
20 79
87 46
52 3
52 68
4 19
4 64
4 51
28 49
28 86
64 80
22 14
22 92
22 3
22 16
62 38
63 98
63 47
24 73
24 85
98 6
98 94
98 79
38 68
7 42
89 5
89 49
89 42
13 23
18 0
43 37
1 21
82 14
82 6
82 32
82 73
82 59
6 23
6 21
6 69
6 72
79 77
65 59
65 29
19 3
19 37
45 81
5 54
5 14
5 10
42 91
46 32
46 17
14 8
26 54
9 47
21 40
85 0