89 2 3 4 5 6 38 11 70 9 68 26 12 14 96 15 43 16 57 17 18 44 19 61 20 83 23 77 53 27 28 31 30 82 32 33 92 55 35 36 37 69 59 39 97 49 50 56 52 94 58 67 60 93 62 75 66 79 71 72 78 88 84 90 95
89 90
2 3
3 4
4 5
5 38
5 6
6 11
38 37
38 39
11 12
70 69
70 71
9 68
68 67
68 69
26 27
14 15
14 43
96 95
96 97
15 57
15 16
43 44
57 58
57 56
17 18
18 61
18 19
19 20
19 83
61 60
61 62
83 82
83 84
23 53
77 78
53 52
27 28
28 31
31 32
31 30
32 92
32 33
92 93
55 56
35 36
36 37
37 59
59 58
59 60
49 50
50 56
52 94
94 93
94 95
58 67
67 66
60 93
62 75
66 79
79 78
71 72
78 88
90 95