0 1 15 27 28 29 30 2 13 4 31 32 33 3 34 35 36 23 24 38 39 5 21 40 6 8 9 19 44 45 7 46 49 52 53 10 55 57 11 16 59 62 64 65 66 22 70 71 72 74 77 78 18 81 82 84 85 88 89 90 92 94
0 27
1 28
1 29
1 30
15 72
15 70
15 71
27 74
28 32
2 32
2 31
2 33
13 64
13 66
13 65
4 38
31 49
32 89
32 81
3 34
3 35
3 36
34 89
34 52
35 57
23 94
24 21
38 64
39 72
39 44
5 40
21 89
21 88
21 90
40 66
6 44
8 49
9 52
9 53
19 84
19 82
45 92
45 62
7 46
46 72
46 78
52 94
10 57
10 55
57 85
11 59
16 74
59 65
64 89
66 77
22 92
72 89
74 88
18 81
84 90
90 92