6 26 27 1 15 2 28 29 30 14 32 19 9 34 4 12 37 38 39 5 20 42 10 43 7 11 46 47 48 8 51 52 16 56 57 22 24 58 59 60 61 62 63 13 64 21 68 74 17 76 77 78 80 82 85 86 87 88 92 95 97
6 43
26 52
27 62
1 29
1 30
1 28
1 15
2 32
28 43
29 59
29 32
29 38
30 52
30 74
14 68
32 57
19 82
9 52
34 64
4 38
4 37
4 39
12 61
12 62
12 63
38 77
38 97
5 42
20 86
20 85
20 87
42 58
42 88
10 57
10 56
7 47
7 48
11 59
11 58
11 60
46 58
47 59
47 92
47 80
8 51
51 92
16 74
22 92
24 97
58 61
58 86
13 64
64 77
21 88
68 85
17 77
17 76
17 78
76 95
82 92