0 11 16 18 19 30 56 57 58 59 62 65 66 70 71 72 73 75 80 82 85 90 92 94 95 27 32 34 37 41 42 43 50 54 68 69 81 83 84 89 96 9 20 21 26 35 36 61 77 3 5 33 46 79 99 88 25 97 7
0 72
0 66
0 80
11 90
16 84
16 65
18 32
19 68
30 3
56 21
57 69
58 84
58 3
58 92
58 50
59 9
59 99
62 97
62 61
66 25
70 73
71 21
72 84
72 42
73 32
75 95
75 46
75 36
82 84
82 94
82 9
82 43
85 46
90 35
94 32
94 37
94 81
95 42
95 5
27 33
32 35
32 88
34 36
41 84
42 21
43 89
43 26
54 36
54 77
68 84
68 33
68 7
68 83
69 81
84 97
84 96
20 21
79 99