0 14 25 20 30 17 31 7 18 15 36 4 8 6 37 38 5 19 40 22 43 44 46 47 48 49 9 52 53 10 24 55 56 57 11 58 59 60 61 13 21 67 68 69 70 16 73 75 76 77 78 79 83 85 88 89 90 91 92 93 95 98 99
0 25
14 67
14 68
14 69
25 55
25 30
20 85
17 76
17 77
17 78
31 60
7 48
7 47
7 46
18 79
15 70
36 53
4 38
4 37
8 49
6 44
37 49
37 61
38 73
5 40
19 83
40 90
22 93
22 91
22 92
43 47
44 48
44 83
48 57
48 99
9 53
52 67
53 55
10 57
10 55
10 56
24 98
55 79
56 67
56 76
57 90
57 93
57 73
11 59
11 60
11 58
59 88
60 70
13 21
21 90
21 88
21 89
67 98
16 73
16 75
78 95
85 88