1 2 96 97 98 5 6 7 8 9 10 11 12 13 14 17 18 19 20 21 22 23 24 25 26 27 28 29 30 31 32 33 34 35 36 37 38 39 40 41 42 43 44 45 46 47 48 49 50 51 52 53 54 55 56 57 58 59 60 62 64 65 66 68 69 70 71 74 75 76 78 80 82 83 84 90 92 93
1 98
1 97
2 5
2 98
96 98
96 93
5 7
6 8
7 8
8 9
9 12
10 12
11 14
11 13
12 13
14 17
17 20
18 20
19 20
20 22
21 22
22 23
23 26
24 26
25 27
26 27
27 29
27 28
29 31
29 32
30 31
31 33
33 34
33 35
34 36
36 39
37 38
38 39
38 41
39 40
40 43
41 42
43 44
43 45
45 46
45 48
46 47
48 49
48 50
48 51
51 52
51 53
53 54
54 55
54 56
54 57
56 58
56 59
57 60
60 62
62 64
64 65
64 66
66 68
68 69
68 70
69 71
71 74
74 75
74 76
75 78
78 80
80 82
82 83
82 84
90 92
92 93