3 25 1 4 30 2 11 31 18 34 35 36 7 12 9 38 8 41 44 48 22 49 10 52 55 57 59 61 62 63 13 64 16 69 15 72 24 73 17 19 76 77 78 80 82 83 84 21 85 86 88 89 90 23 92 94 95 96 97 98
3 36
3 35
3 18
3 34
25 77
1 30
4 38
30 55
2 31
11 59
31 88
35 88
35 84
35 57
36 78
36 62
7 48
12 62
12 61
12 63
9 52
38 84
8 49
41 95
44 76
48 80
22 92
49 96
10 57
10 55
52 88
59 90
62 86
63 80
63 72
13 64
64 88
16 73
69 77
15 72
24 98
24 97
73 88
17 78
17 77
17 76
19 84
19 82
19 83
78 85
84 95
21 88
21 90
21 89
88 98
88 92
23 95
23 96
23 94