15 26 27 17 18 30 2 19 32 3 34 37 39 5 40 41 42 44 7 46 47 48 8 49 50 51 9 52 53 55 56 57 11 58 59 60 62 64 65 14 20 68 69 23 70 72 73 76 78 21 24 80 82 83 84 85 90 22 91 96 98
15 70
15 72
26 56
27 57
17 78
17 76
18 80
30 96
2 32
19 84
19 82
19 83
32 84
3 34
34 82
34 44
37 53
39 56
5 40
5 41
5 42
40 84
41 90
7 46
7 48
7 47
46 50
46 84
47 96
47 78
47 52
48 70
48 69
48 60
8 50
8 49
8 51
49 57
50 56
51 73
9 52
9 53
52 55
55 80
11 60
11 58
11 59
59 64
60 85
60 98
62 76
65 68
14 69
14 68
20 85
23 96
78 91
21 90
24 98
22 91