0 1 5 6 7 8 9 10 12 11 14 18 19 16 20 22 23 21 26 29 28 25 27 34 35 39 42 43 44 45 49 48 53 56 59 55 58 57 61 62 60 63 64 68 66 69 67 70 74 77 75 83 80 82 87 88 85 89 86 91 93 94 92 90 99 96
0 1
1 60
5 55
5 6
5 8
5 9
6 34
7 8
8 96
9 89
10 12
10 14
12 11
11 63
11 53
18 19
18 16
19 90
19 48
20 87
20 22
20 23
22 21
21 82
26 29
26 75
29 25
28 89
28 25
28 27
35 68
35 39
42 62
42 43
44 74
45 48
45 49
56 59
56 57
56 90
59 58
55 58
57 64
61 60
62 64
62 74
60 63
63 64
68 67
66 91
66 69
69 67
70 74
77 86
83 82
83 80
87 88
88 85
85 89
85 86
91 90
93 92
94 90
94 92
99 96