0 22 27 1 14 7 28 29 30 6 31 32 16 24 35 4 21 38 5 40 41 42 43 44 46 47 48 8 50 10 52 17 55 56 11 60 61 13 64 65 66 67 71 19 75 76 77 78 79 81 82 83 84 23 90 93 94 95 96 99
0 27
22 93
27 83
1 30
1 28
14 67
7 46
7 48
7 47
28 32
28 60
29 47
29 42
30 47
30 56
30 96
6 43
6 44
31 43
16 75
24 99
35 83
4 38
21 90
38 77
5 42
5 40
5 41
41 71
43 76
46 84
46 75
46 65
46 90
46 79
47 76
48 99
8 50
50 77
10 56
52 82
17 76
17 77
17 78
55 78
11 60
61 67
13 65
13 66
13 64
67 75
19 84
19 83
19 82
81 99
23 94
23 95
93 99
94 99