0 16 15 1 13 21 28 29 30 22 31 33 3 12 34 4 20 37 5 10 40 41 42 7 9 19 44 46 47 8 23 51 17 52 57 60 61 62 63 64 65 69 72 73 74 75 77 79 83 85 86 87 88 89 90 91 92 95 96 98
0 16
16 73
16 74
16 22
16 75
15 72
1 29
1 30
13 65
21 88
21 89
21 90
28 29
29 73
30 34
22 92
31 42
33 63
3 34
12 62
12 61
12 63
4 37
20 86
20 87
20 85
37 89
5 42
5 40
5 41
10 57
40 60
42 74
42 64
42 77
7 46
7 47
9 52
19 83
44 85
46 62
46 52
8 51
23 96
23 95
51 96
51 79
17 77
57 96
61 98
61 69
62 73
62 65
65 72
74 86
75 96
83 86
86 88
88 91