0 1 11 5 2 26 27 8 28 29 6 24 31 32 33 3 16 14 34 36 10 39 15 23 40 42 7 48 49 18 52 55 56 57 59 60 12 21 61 63 13 22 64 20 67 69 70 73 74 75 17 78 79 82 87 89 93 95 98
0 27
0 26
1 28
1 29
11 60
5 42
2 32
2 31
2 6
2 33
27 32
27 49
27 93
8 49
28 34
24 98
31 67
31 40
32 75
32 42
33 57
33 73
33 64
33 63
3 34
16 73
16 74
14 67
14 69
34 75
36 42
10 57
10 56
10 55
39 93
15 70
23 95
42 60
7 48
48 67
18 79
52 67
57 98
59 93
60 78
12 63
12 61
21 89
61 82
63 87
13 64
22 93
64 70
20 87
67 95
17 78
78 89
79 95